<?xml version="1.0" encoding="UTF-8"?>
<!-- Generated by org.testng.reporters.JUnitXMLReporter -->
<testsuite ignored="0" hostname="WorkStation" failures="0" tests="4" name="Default test" time="2.676" errors="0" timestamp="2022-12-03T17:52:37 GMT">
  <testcase classname="day1.HTTPRequests" name="getUsers" time="1.966"/>
  <testcase classname="day1.HTTPRequests" name="createUser" time="0.406"/>
  <testcase classname="day1.HTTPRequests" name="updateUser" time="0.109"/>
  <testcase classname="day1.HTTPRequests" name="deleteUser" time="0.109"/>
</testsuite> <!-- Default test -->
