<?xml version="1.0" encoding="UTF-8"?>
<!-- Generated by org.testng.reporters.JUnitXMLReporter -->
<testsuite ignored="0" hostname="WorkStation" failures="0" tests="4" name="Test" time="5.638" errors="0" timestamp="2022-11-08T03:35:18 GMT">
  <testcase classname="day8.CreateUser" name="tes_createUser" time="3.153"/>
  <testcase classname="day8.GetUser" name="test_getUser" time="0.968"/>
  <testcase classname="day8.UpdateUser" name="tes_updateUser" time="0.961"/>
  <testcase classname="day8.DeleteUser" name="test_getUser" time="0.495"/>
</testsuite> <!-- Test -->
