<?xml version="1.0" encoding="UTF-8"?>
<testng-results ignored="0" total="1" passed="1" failed="0" skipped="0">
  <reporter-output>
  </reporter-output>
  <suite started-at="2022-12-03T17:05:51 GMT" name="Default suite" finished-at="2022-12-03T17:05:53 GMT" duration-ms="2637">
    <groups>
    </groups>
    <test started-at="2022-12-03T17:05:51 GMT" name="Default test" finished-at="2022-12-03T17:05:53 GMT" duration-ms="2637">
      <class name="day1.HTTPRequests">
        <test-method signature="getUsers()[pri:0, instance:day1.HTTPRequests@169e6180]" started-at="2022-12-03T17:05:51 GMT" name="getUsers" finished-at="2022-12-03T17:05:53 GMT" duration-ms="2590" status="PASS">
          <reporter-output>
          </reporter-output>
        </test-method> <!-- getUsers -->
      </class> <!-- day1.HTTPRequests -->
    </test> <!-- Default test -->
  </suite> <!-- Default suite -->
</testng-results>
