<?xml version="1.0" encoding="UTF-8"?>
<testng-results ignored="0" total="1" passed="1" failed="0" skipped="0">
  <reporter-output>
  </reporter-output>
  <suite started-at="2022-11-08T20:09:20 GMT" name="Default suite" finished-at="2022-11-08T20:09:21 GMT" duration-ms="1501">
    <groups>
    </groups>
    <test started-at="2022-11-08T20:09:20 GMT" name="Default test" finished-at="2022-11-08T20:09:21 GMT" duration-ms="1501">
      <class name="day1.ResponseParsing">
        <test-method signature="testJsonResponse()[pri:0, instance:day1.ResponseParsing@169e6180]" started-at="2022-11-08T20:09:20 GMT" name="testJsonResponse" finished-at="2022-11-08T20:09:21 GMT" duration-ms="1455" status="PASS">
          <reporter-output>
          </reporter-output>
        </test-method> <!-- testJsonResponse -->
      </class> <!-- day1.ResponseParsing -->
    </test> <!-- Default test -->
  </suite> <!-- Default suite -->
</testng-results>
